  [1m[36m (110.0ms)[0m  [1mCREATE TABLE "schema_migrations" ("version" varchar NOT NULL) [0m
  [1m[35m (0.0ms)[0m  select sqlite_version(*)
  [1m[36m (100.0ms)[0m  [1mCREATE UNIQUE INDEX "unique_schema_migrations" ON "schema_migrations" ("version")[0m
  [1m[35mActiveRecord::SchemaMigration Load (10.0ms)[0m  SELECT "schema_migrations".* FROM "schema_migrations"
Migrating to CreateUsers (20160921232611)
  [1m[36m (0.0ms)[0m  [1mbegin transaction[0m
  [1m[35m (10.0ms)[0m  CREATE TABLE "users" ("id" INTEGER PRIMARY KEY AUTOINCREMENT NOT NULL, "name" varchar, "email" varchar, "created_at" datetime NOT NULL, "updated_at" datetime NOT NULL) 
  [1m[36mSQL (0.0ms)[0m  [1mINSERT INTO "schema_migrations" ("version") VALUES (?)[0m  [["version", "20160921232611"]]
  [1m[35m (151.0ms)[0m  commit transaction
Migrating to AddPasswordDigestToUsers (20160921233520)
  [1m[36m (10.0ms)[0m  [1mbegin transaction[0m
  [1m[35m (0.0ms)[0m  ALTER TABLE "users" ADD "password_digest" varchar
  [1m[36mSQL (0.0ms)[0m  [1mINSERT INTO "schema_migrations" ("version") VALUES (?)[0m  [["version", "20160921233520"]]
  [1m[35m (140.0ms)[0m  commit transaction
Migrating to AddAdminToUsers (20160924171242)
  [1m[36m (0.0ms)[0m  [1mbegin transaction[0m
  [1m[35m (10.0ms)[0m  ALTER TABLE "users" ADD "admin" boolean
  [1m[36mSQL (0.0ms)[0m  [1mINSERT INTO "schema_migrations" ("version") VALUES (?)[0m  [["version", "20160924171242"]]
  [1m[35m (100.0ms)[0m  commit transaction
Migrating to CreateRooms (20160925045701)
  [1m[36m (0.0ms)[0m  [1mbegin transaction[0m
  [1m[35m (10.0ms)[0m  CREATE TABLE "rooms" ("id" INTEGER PRIMARY KEY AUTOINCREMENT NOT NULL, "room_nae" varchar, "size" varchar, "library" varchar, "created_at" datetime NOT NULL, "updated_at" datetime NOT NULL) 
  [1m[36mSQL (0.0ms)[0m  [1mINSERT INTO "schema_migrations" ("version") VALUES (?)[0m  [["version", "20160925045701"]]
  [1m[35m (80.0ms)[0m  commit transaction
Migrating to ChangeRoomNameInRooms (20160925155513)
  [1m[36m (0.0ms)[0m  [1mbegin transaction[0m
  [1m[35m (10.0ms)[0m  CREATE TEMPORARY TABLE "arooms" ("id" INTEGER PRIMARY KEY AUTOINCREMENT NOT NULL, "room_name" varchar, "size" varchar, "library" varchar, "created_at" datetime NOT NULL, "updated_at" datetime NOT NULL) 
  [1m[36m (0.0ms)[0m  [1mSELECT * FROM "rooms"[0m
  [1m[35m (0.0ms)[0m  DROP TABLE "rooms"
  [1m[36m (0.0ms)[0m  [1mCREATE TABLE "rooms" ("id" INTEGER PRIMARY KEY AUTOINCREMENT NOT NULL, "room_name" varchar, "size" varchar, "library" varchar, "created_at" datetime NOT NULL, "updated_at" datetime NOT NULL) [0m
  [1m[35m (0.0ms)[0m  SELECT * FROM "arooms"
  [1m[36m (0.0ms)[0m  [1mDROP TABLE "arooms"[0m
  [1m[35mSQL (0.0ms)[0m  INSERT INTO "schema_migrations" ("version") VALUES (?)  [["version", "20160925155513"]]
  [1m[36m (130.0ms)[0m  [1mcommit transaction[0m
Migrating to CreateReservations (20160925211030)
  [1m[35m (0.0ms)[0m  begin transaction
  [1m[36m (0.0ms)[0m  [1mCREATE TABLE "reservations" ("id" INTEGER PRIMARY KEY AUTOINCREMENT NOT NULL, "room_name" varchar, "date" date, "slot" integer, "size" varchar, "library" varchar, "created_at" datetime NOT NULL, "updated_at" datetime NOT NULL) [0m
  [1m[35mSQL (0.0ms)[0m  INSERT INTO "schema_migrations" ("version") VALUES (?)  [["version", "20160925211030"]]
  [1m[36m (110.0ms)[0m  [1mcommit transaction[0m
Migrating to AddEmailToReservations (20160925211450)
  [1m[35m (0.0ms)[0m  begin transaction
  [1m[36m (0.0ms)[0m  [1mALTER TABLE "reservations" ADD "email" varchar[0m
  [1m[35mSQL (0.0ms)[0m  INSERT INTO "schema_migrations" ("version") VALUES (?)  [["version", "20160925211450"]]
  [1m[36m (150.0ms)[0m  [1mcommit transaction[0m
Migrating to AddBookedToReservations (20160925233442)
  [1m[35m (0.0ms)[0m  begin transaction
  [1m[36m (0.0ms)[0m  [1mALTER TABLE "reservations" ADD "booked" varchar[0m
  [1m[35mSQL (0.0ms)[0m  INSERT INTO "schema_migrations" ("version") VALUES (?)  [["version", "20160925233442"]]
  [1m[36m (131.0ms)[0m  [1mcommit transaction[0m
  [1m[35mActiveRecord::SchemaMigration Load (0.0ms)[0m  SELECT "schema_migrations".* FROM "schema_migrations"


Started GET "/" for ::1 at 2016-10-05 13:24:34 -0400
  [1m[36mActiveRecord::SchemaMigration Load (0.0ms)[0m  [1mSELECT "schema_migrations".* FROM "schema_migrations"[0m
Processing by WelcomeController#hello as HTML
  [1m[35mUser Load (1.0ms)[0m  SELECT  "users".* FROM "users" WHERE "users"."id" = ? LIMIT 1  [["id", 1]]
  Rendered welcome/hello.html.erb within layouts/application (34.0ms)
Completed 200 OK in 7634ms (Views: 7321.5ms | ActiveRecord: 2.0ms)


Started GET "/" for ::1 at 2016-10-05 13:24:43 -0400
Processing by WelcomeController#hello as HTML
  [1m[36mUser Load (1.0ms)[0m  [1mSELECT  "users".* FROM "users" WHERE "users"."id" = ? LIMIT 1[0m  [["id", 1]]
  Rendered welcome/hello.html.erb within layouts/application (1.0ms)
Completed 200 OK in 524ms (Views: 514.7ms | ActiveRecord: 1.0ms)


Started GET "/assets/reservations.self-e3b0c44298fc1c149afbf4c8996fb92427ae41e4649b934ca495991b7852b855.css?body=1" for ::1 at 2016-10-05 13:24:44 -0400


Started GET "/assets/sessions.self-e3b0c44298fc1c149afbf4c8996fb92427ae41e4649b934ca495991b7852b855.css?body=1" for ::1 at 2016-10-05 13:24:44 -0400


Started GET "/assets/rooms.self-e3b0c44298fc1c149afbf4c8996fb92427ae41e4649b934ca495991b7852b855.css?body=1" for ::1 at 2016-10-05 13:24:44 -0400


Started GET "/assets/users.self-e3b0c44298fc1c149afbf4c8996fb92427ae41e4649b934ca495991b7852b855.css?body=1" for ::1 at 2016-10-05 13:24:44 -0400


Started GET "/assets/scaffolds.self-c11aa302aa44152136369ed11c4dabef3a8ef94178cfd4e810dfd2cf2de11593.css?body=1" for ::1 at 2016-10-05 13:24:44 -0400


Started GET "/assets/welcome.self-e3b0c44298fc1c149afbf4c8996fb92427ae41e4649b934ca495991b7852b855.css?body=1" for ::1 at 2016-10-05 13:24:44 -0400


Started GET "/assets/application.self-e80e8f2318043e8af94dddc2adad5a4f09739a8ebb323b3ab31cd71d45fd9113.css?body=1" for ::1 at 2016-10-05 13:24:44 -0400


Started GET "/assets/jquery.self-bd7ddd393353a8d2480a622e80342adf488fb6006d667e8b42e4c0073393abee.js?body=1" for ::1 at 2016-10-05 13:24:44 -0400


Started GET "/assets/jquery_ujs.self-784a997f6726036b1993eb2217c9cb558e1cbb801c6da88105588c56f13b466a.js?body=1" for ::1 at 2016-10-05 13:24:45 -0400


Started GET "/assets/turbolinks.self-c5acd7a204f5f25ce7a1d8a0e4d92e28d34c9e2df2c7371cd7af88e147e4ad82.js?body=1" for ::1 at 2016-10-05 13:24:45 -0400


Started GET "/assets/rooms.self-877aef30ae1b040ab8a3aba4e3e309a11d7f2612f44dde450b5c157aa5f95c05.js?body=1" for ::1 at 2016-10-05 13:24:45 -0400


Started GET "/assets/sessions.self-877aef30ae1b040ab8a3aba4e3e309a11d7f2612f44dde450b5c157aa5f95c05.js?body=1" for ::1 at 2016-10-05 13:24:45 -0400


Started GET "/assets/users.self-877aef30ae1b040ab8a3aba4e3e309a11d7f2612f44dde450b5c157aa5f95c05.js?body=1" for ::1 at 2016-10-05 13:24:45 -0400


Started GET "/assets/reservations.self-877aef30ae1b040ab8a3aba4e3e309a11d7f2612f44dde450b5c157aa5f95c05.js?body=1" for ::1 at 2016-10-05 13:24:45 -0400


Started GET "/assets/welcome.self-877aef30ae1b040ab8a3aba4e3e309a11d7f2612f44dde450b5c157aa5f95c05.js?body=1" for ::1 at 2016-10-05 13:24:45 -0400


Started GET "/assets/application.self-3b8dabdc891efe46b9a144b400ad69e37d7e5876bdc39dee783419a69d7ca819.js?body=1" for ::1 at 2016-10-05 13:24:45 -0400


Started GET "/login" for ::1 at 2016-10-05 13:24:49 -0400
Processing by SessionsController#new as HTML
  [1m[35mUser Load (0.0ms)[0m  SELECT  "users".* FROM "users" WHERE "users"."id" = ? LIMIT 1  [["id", 1]]
  Rendered sessions/new.html.erb within layouts/application (474.0ms)
Completed 200 OK in 815ms (Views: 802.0ms | ActiveRecord: 0.0ms)


Started GET "/login" for ::1 at 2016-10-05 13:24:59 -0400
Processing by SessionsController#new as HTML
  [1m[36mUser Load (1.0ms)[0m  [1mSELECT  "users".* FROM "users" WHERE "users"."id" = ? LIMIT 1[0m  [["id", 1]]
  Rendered sessions/new.html.erb within layouts/application (10.0ms)
Completed 200 OK in 378ms (Views: 370.1ms | ActiveRecord: 1.0ms)


Started POST "/login" for ::1 at 2016-10-05 13:25:26 -0400
Processing by SessionsController#create as HTML
  Parameters: {"utf8"=>"✓", "authenticity_token"=>"j9Yj7cvpXJbKcezoh37T5kVCCAb7paeDpLhPo44E+N1bhxU+fPmv5m86ZscgkaT3c0WvCsuATR1LboLhGJq66g==", "session"=>{"radio"=>"true", "email"=>"admin@ncsu.edu", "password"=>"[FILTERED]"}, "commit"=>"Login"}
  [1m[35mUser Load (1.0ms)[0m  SELECT  "users".* FROM "users" WHERE "users"."email" = ? LIMIT 1  [["email", "admin@ncsu.edu"]]
Completed 500 Internal Server Error in 11ms (ActiveRecord: 1.0ms)

NoMethodError (undefined method `admin' for nil:NilClass):
  app/controllers/sessions_controller.rb:24:in `create'


  Rendered C:/tools/ruby22/lib/ruby/gems/2.2.0/gems/actionpack-4.2.6/lib/action_dispatch/middleware/templates/rescues/_source.erb (4.0ms)
  Rendered C:/tools/ruby22/lib/ruby/gems/2.2.0/gems/actionpack-4.2.6/lib/action_dispatch/middleware/templates/rescues/_trace.html.erb (16.0ms)
  Rendered C:/tools/ruby22/lib/ruby/gems/2.2.0/gems/actionpack-4.2.6/lib/action_dispatch/middleware/templates/rescues/_request_and_response.html.erb (4.0ms)
  Rendered C:/tools/ruby22/lib/ruby/gems/2.2.0/gems/actionpack-4.2.6/lib/action_dispatch/middleware/templates/rescues/diagnostics.html.erb within rescues/layout (2550.1ms)
  Rendered C:/tools/ruby22/lib/ruby/gems/2.2.0/gems/web-console-2.3.0/lib/web_console/templates/_markup.html.erb (2.0ms)
  Rendered C:/tools/ruby22/lib/ruby/gems/2.2.0/gems/web-console-2.3.0/lib/web_console/templates/_inner_console_markup.html.erb within layouts/inlined_string (2.0ms)
  Rendered C:/tools/ruby22/lib/ruby/gems/2.2.0/gems/web-console-2.3.0/lib/web_console/templates/_prompt_box_markup.html.erb within layouts/inlined_string (3.0ms)
  Rendered C:/tools/ruby22/lib/ruby/gems/2.2.0/gems/web-console-2.3.0/lib/web_console/templates/style.css.erb within layouts/inlined_string (1.0ms)
  Rendered C:/tools/ruby22/lib/ruby/gems/2.2.0/gems/web-console-2.3.0/lib/web_console/templates/console.js.erb within layouts/javascript (2190.1ms)
  Rendered C:/tools/ruby22/lib/ruby/gems/2.2.0/gems/web-console-2.3.0/lib/web_console/templates/main.js.erb within layouts/javascript (1.0ms)
  Rendered C:/tools/ruby22/lib/ruby/gems/2.2.0/gems/web-console-2.3.0/lib/web_console/templates/error_page.js.erb within layouts/javascript (2.0ms)
  Rendered C:/tools/ruby22/lib/ruby/gems/2.2.0/gems/web-console-2.3.0/lib/web_console/templates/index.html.erb (5166.3ms)
  [1m[36mActiveRecord::SchemaMigration Load (0.0ms)[0m  [1mSELECT "schema_migrations".* FROM "schema_migrations"[0m
  [1m[35mActiveRecord::SchemaMigration Load (0.0ms)[0m  SELECT "schema_migrations".* FROM "schema_migrations"
  [1m[36mActiveRecord::SchemaMigration Load (0.0ms)[0m  [1mSELECT "schema_migrations".* FROM "schema_migrations"[0m
  [1m[35mActiveRecord::SchemaMigration Load (0.0ms)[0m  SELECT "schema_migrations".* FROM "schema_migrations"


Started GET "/login" for ::1 at 2016-10-05 13:52:58 -0400
  [1m[36mActiveRecord::SchemaMigration Load (1.0ms)[0m  [1mSELECT "schema_migrations".* FROM "schema_migrations"[0m
Processing by SessionsController#new as HTML
  [1m[35mUser Load (0.0ms)[0m  SELECT  "users".* FROM "users" WHERE "users"."id" = ? LIMIT 1  [["id", 1]]
  Rendered sessions/new.html.erb within layouts/application (104.0ms)
Completed 200 OK in 1309ms (Views: 1190.1ms | ActiveRecord: 0.0ms)


Started GET "/users/new" for ::1 at 2016-10-05 13:53:06 -0400
Processing by UsersController#new as HTML
  Rendered users/_form.html.erb (15.6ms)
  Rendered users/new.html.erb within layouts/application (62.4ms)
Completed 200 OK in 410ms (Views: 376.5ms | ActiveRecord: 0.0ms)


Started GET "/users/new" for ::1 at 2016-10-05 14:05:14 -0400
Processing by UsersController#new as HTML
  Rendered users/_form.html.erb (2.5ms)
  Rendered users/new.html.erb within layouts/application (30.0ms)
Completed 200 OK in 235ms (Views: 233.6ms | ActiveRecord: 0.0ms)


Started GET "/assets/users.self-e3b0c44298fc1c149afbf4c8996fb92427ae41e4649b934ca495991b7852b855.css?body=1" for ::1 at 2016-10-05 14:05:15 -0400


Started GET "/assets/scaffolds.self-c11aa302aa44152136369ed11c4dabef3a8ef94178cfd4e810dfd2cf2de11593.css?body=1" for ::1 at 2016-10-05 14:05:15 -0400


Started GET "/assets/rooms.self-e3b0c44298fc1c149afbf4c8996fb92427ae41e4649b934ca495991b7852b855.css?body=1" for ::1 at 2016-10-05 14:05:15 -0400


Started GET "/assets/sessions.self-e3b0c44298fc1c149afbf4c8996fb92427ae41e4649b934ca495991b7852b855.css?body=1" for ::1 at 2016-10-05 14:05:15 -0400


Started GET "/assets/reservations.self-e3b0c44298fc1c149afbf4c8996fb92427ae41e4649b934ca495991b7852b855.css?body=1" for ::1 at 2016-10-05 14:05:15 -0400


Started GET "/assets/welcome.self-e3b0c44298fc1c149afbf4c8996fb92427ae41e4649b934ca495991b7852b855.css?body=1" for ::1 at 2016-10-05 14:05:15 -0400


Started GET "/assets/application.self-e80e8f2318043e8af94dddc2adad5a4f09739a8ebb323b3ab31cd71d45fd9113.css?body=1" for ::1 at 2016-10-05 14:05:15 -0400


Started GET "/assets/jquery.self-bd7ddd393353a8d2480a622e80342adf488fb6006d667e8b42e4c0073393abee.js?body=1" for ::1 at 2016-10-05 14:05:15 -0400


Started GET "/assets/jquery_ujs.self-784a997f6726036b1993eb2217c9cb558e1cbb801c6da88105588c56f13b466a.js?body=1" for ::1 at 2016-10-05 14:05:15 -0400


Started GET "/assets/turbolinks.self-c5acd7a204f5f25ce7a1d8a0e4d92e28d34c9e2df2c7371cd7af88e147e4ad82.js?body=1" for ::1 at 2016-10-05 14:05:15 -0400


Started GET "/assets/reservations.self-877aef30ae1b040ab8a3aba4e3e309a11d7f2612f44dde450b5c157aa5f95c05.js?body=1" for ::1 at 2016-10-05 14:05:15 -0400


Started GET "/assets/rooms.self-877aef30ae1b040ab8a3aba4e3e309a11d7f2612f44dde450b5c157aa5f95c05.js?body=1" for ::1 at 2016-10-05 14:05:15 -0400


Started GET "/assets/sessions.self-877aef30ae1b040ab8a3aba4e3e309a11d7f2612f44dde450b5c157aa5f95c05.js?body=1" for ::1 at 2016-10-05 14:05:15 -0400


Started GET "/assets/users.self-877aef30ae1b040ab8a3aba4e3e309a11d7f2612f44dde450b5c157aa5f95c05.js?body=1" for ::1 at 2016-10-05 14:05:15 -0400


Started GET "/assets/welcome.self-877aef30ae1b040ab8a3aba4e3e309a11d7f2612f44dde450b5c157aa5f95c05.js?body=1" for ::1 at 2016-10-05 14:05:15 -0400


Started GET "/assets/application.self-3b8dabdc891efe46b9a144b400ad69e37d7e5876bdc39dee783419a69d7ca819.js?body=1" for ::1 at 2016-10-05 14:05:15 -0400
  [1m[36mActiveRecord::SchemaMigration Load (0.0ms)[0m  [1mSELECT "schema_migrations".* FROM "schema_migrations"[0m
  [1m[35mActiveRecord::SchemaMigration Load (0.0ms)[0m  SELECT "schema_migrations".* FROM "schema_migrations"
  [1m[36mActiveRecord::SchemaMigration Load (0.0ms)[0m  [1mSELECT "schema_migrations".* FROM "schema_migrations"[0m
  [1m[35mActiveRecord::SchemaMigration Load (0.0ms)[0m  SELECT "schema_migrations".* FROM "schema_migrations"
  [1m[36mActiveRecord::SchemaMigration Load (0.0ms)[0m  [1mSELECT "schema_migrations".* FROM "schema_migrations"[0m
  [1m[35mActiveRecord::SchemaMigration Load (0.0ms)[0m  SELECT "schema_migrations".* FROM "schema_migrations"
  [1m[36mActiveRecord::SchemaMigration Load (0.0ms)[0m  [1mSELECT "schema_migrations".* FROM "schema_migrations"[0m
  [1m[35mActiveRecord::SchemaMigration Load (0.0ms)[0m  SELECT "schema_migrations".* FROM "schema_migrations"
  [1m[36mActiveRecord::SchemaMigration Load (0.0ms)[0m  [1mSELECT "schema_migrations".* FROM "schema_migrations"[0m
  [1m[35mActiveRecord::SchemaMigration Load (0.0ms)[0m  SELECT "schema_migrations".* FROM "schema_migrations"
  [1m[36mActiveRecord::SchemaMigration Load (0.0ms)[0m  [1mSELECT "schema_migrations".* FROM "schema_migrations"[0m
  [1m[35mActiveRecord::SchemaMigration Load (0.0ms)[0m  SELECT "schema_migrations".* FROM "schema_migrations"
  [1m[36mActiveRecord::SchemaMigration Load (0.0ms)[0m  [1mSELECT "schema_migrations".* FROM "schema_migrations"[0m
  [1m[35mActiveRecord::SchemaMigration Load (0.0ms)[0m  SELECT "schema_migrations".* FROM "schema_migrations"


Started GET "/" for ::1 at 2016-10-05 17:04:04 -0400
  [1m[36mActiveRecord::SchemaMigration Load (0.0ms)[0m  [1mSELECT "schema_migrations".* FROM "schema_migrations"[0m
Processing by WelcomeController#hello as HTML
  [1m[35mUser Load (0.0ms)[0m  SELECT  "users".* FROM "users" WHERE "users"."id" = ? LIMIT 1  [["id", 1]]
  Rendered welcome/hello.html.erb within layouts/application (2.0ms)
Completed 200 OK in 744ms (Views: 639.1ms | ActiveRecord: 1.0ms)


Started GET "/" for ::1 at 2016-10-05 17:04:05 -0400
Processing by WelcomeController#hello as HTML
  [1m[36mUser Load (1.0ms)[0m  [1mSELECT  "users".* FROM "users" WHERE "users"."id" = ? LIMIT 1[0m  [["id", 1]]
  Rendered welcome/hello.html.erb within layouts/application (1.0ms)
Completed 200 OK in 75ms (Views: 73.7ms | ActiveRecord: 1.0ms)


Started GET "/login" for ::1 at 2016-10-05 17:04:09 -0400
Processing by SessionsController#new as HTML
  [1m[35mUser Load (1.0ms)[0m  SELECT  "users".* FROM "users" WHERE "users"."id" = ? LIMIT 1  [["id", 1]]
  Rendered sessions/new.html.erb within layouts/application (32.2ms)
Completed 200 OK in 131ms (Views: 129.6ms | ActiveRecord: 1.0ms)


Started POST "/login" for ::1 at 2016-10-05 17:04:15 -0400
Processing by SessionsController#create as HTML
  Parameters: {"utf8"=>"✓", "authenticity_token"=>"vRX8KEkjT2GXzOCI+81ww5j6kmebLMUfPS/H4ZeAo/FpRMr7/jO8ETKHaqdcIgfSrv01a6sJL4HS+QqjAR7hxg==", "session"=>{"radio"=>"true", "email"=>"admin@ncsu.edu", "password"=>"[FILTERED]"}, "commit"=>"Login"}
  [1m[36mUser Load (1.0ms)[0m  [1mSELECT  "users".* FROM "users" WHERE "users"."email" = ? LIMIT 1[0m  [["email", "admin@ncsu.edu"]]
Completed 500 Internal Server Error in 8ms (ActiveRecord: 1.0ms)

NoMethodError (undefined method `admin' for nil:NilClass):
  app/controllers/sessions_controller.rb:24:in `create'


  Rendered C:/tools/ruby22/lib/ruby/gems/2.2.0/gems/actionpack-4.2.6/lib/action_dispatch/middleware/templates/rescues/_source.erb (1.0ms)
  Rendered C:/tools/ruby22/lib/ruby/gems/2.2.0/gems/actionpack-4.2.6/lib/action_dispatch/middleware/templates/rescues/_trace.html.erb (29.0ms)
  Rendered C:/tools/ruby22/lib/ruby/gems/2.2.0/gems/actionpack-4.2.6/lib/action_dispatch/middleware/templates/rescues/_request_and_response.html.erb (2.0ms)
  Rendered C:/tools/ruby22/lib/ruby/gems/2.2.0/gems/actionpack-4.2.6/lib/action_dispatch/middleware/templates/rescues/diagnostics.html.erb within rescues/layout (920.1ms)
  Rendered C:/tools/ruby22/lib/ruby/gems/2.2.0/gems/web-console-2.3.0/lib/web_console/templates/_markup.html.erb (1.0ms)
  Rendered C:/tools/ruby22/lib/ruby/gems/2.2.0/gems/web-console-2.3.0/lib/web_console/templates/_inner_console_markup.html.erb within layouts/inlined_string (0.0ms)
  Rendered C:/tools/ruby22/lib/ruby/gems/2.2.0/gems/web-console-2.3.0/lib/web_console/templates/_prompt_box_markup.html.erb within layouts/inlined_string (0.0ms)
  Rendered C:/tools/ruby22/lib/ruby/gems/2.2.0/gems/web-console-2.3.0/lib/web_console/templates/style.css.erb within layouts/inlined_string (0.0ms)
  Rendered C:/tools/ruby22/lib/ruby/gems/2.2.0/gems/web-console-2.3.0/lib/web_console/templates/console.js.erb within layouts/javascript (524.0ms)
  Rendered C:/tools/ruby22/lib/ruby/gems/2.2.0/gems/web-console-2.3.0/lib/web_console/templates/main.js.erb within layouts/javascript (0.0ms)
  Rendered C:/tools/ruby22/lib/ruby/gems/2.2.0/gems/web-console-2.3.0/lib/web_console/templates/error_page.js.erb within layouts/javascript (1.0ms)
  Rendered C:/tools/ruby22/lib/ruby/gems/2.2.0/gems/web-console-2.3.0/lib/web_console/templates/index.html.erb (1412.1ms)
  [1m[36mActiveRecord::SchemaMigration Load (0.0ms)[0m  [1mSELECT "schema_migrations".* FROM "schema_migrations"[0m
  [1m[35mActiveRecord::SchemaMigration Load (0.0ms)[0m  SELECT "schema_migrations".* FROM "schema_migrations"


Started GET "/" for ::1 at 2016-10-05 17:22:31 -0400
  [1m[36mActiveRecord::SchemaMigration Load (0.0ms)[0m  [1mSELECT "schema_migrations".* FROM "schema_migrations"[0m
Processing by WelcomeController#hello as HTML
  [1m[35mUser Load (1.0ms)[0m  SELECT  "users".* FROM "users" WHERE "users"."id" = ? LIMIT 1  [["id", 1]]
  Rendered welcome/hello.html.erb within layouts/application (2.0ms)
Completed 200 OK in 392ms (Views: 360.4ms | ActiveRecord: 2.0ms)


Started GET "/assets/sessions.self-e3b0c44298fc1c149afbf4c8996fb92427ae41e4649b934ca495991b7852b855.css?body=1" for ::1 at 2016-10-05 17:22:31 -0400


Started GET "/assets/scaffolds.self-c11aa302aa44152136369ed11c4dabef3a8ef94178cfd4e810dfd2cf2de11593.css?body=1" for ::1 at 2016-10-05 17:22:31 -0400


Started GET "/assets/users.self-e3b0c44298fc1c149afbf4c8996fb92427ae41e4649b934ca495991b7852b855.css?body=1" for ::1 at 2016-10-05 17:22:31 -0400


Started GET "/assets/rooms.self-e3b0c44298fc1c149afbf4c8996fb92427ae41e4649b934ca495991b7852b855.css?body=1" for ::1 at 2016-10-05 17:22:31 -0400


Started GET "/assets/reservations.self-e3b0c44298fc1c149afbf4c8996fb92427ae41e4649b934ca495991b7852b855.css?body=1" for ::1 at 2016-10-05 17:22:31 -0400


Started GET "/assets/welcome.self-e3b0c44298fc1c149afbf4c8996fb92427ae41e4649b934ca495991b7852b855.css?body=1" for ::1 at 2016-10-05 17:22:31 -0400


Started GET "/assets/application.self-e80e8f2318043e8af94dddc2adad5a4f09739a8ebb323b3ab31cd71d45fd9113.css?body=1" for ::1 at 2016-10-05 17:22:31 -0400


Started GET "/assets/jquery.self-bd7ddd393353a8d2480a622e80342adf488fb6006d667e8b42e4c0073393abee.js?body=1" for ::1 at 2016-10-05 17:22:31 -0400


Started GET "/assets/jquery_ujs.self-784a997f6726036b1993eb2217c9cb558e1cbb801c6da88105588c56f13b466a.js?body=1" for ::1 at 2016-10-05 17:22:31 -0400


Started GET "/assets/turbolinks.self-c5acd7a204f5f25ce7a1d8a0e4d92e28d34c9e2df2c7371cd7af88e147e4ad82.js?body=1" for ::1 at 2016-10-05 17:22:31 -0400


Started GET "/assets/reservations.self-877aef30ae1b040ab8a3aba4e3e309a11d7f2612f44dde450b5c157aa5f95c05.js?body=1" for ::1 at 2016-10-05 17:22:31 -0400


Started GET "/assets/rooms.self-877aef30ae1b040ab8a3aba4e3e309a11d7f2612f44dde450b5c157aa5f95c05.js?body=1" for ::1 at 2016-10-05 17:22:32 -0400


Started GET "/assets/sessions.self-877aef30ae1b040ab8a3aba4e3e309a11d7f2612f44dde450b5c157aa5f95c05.js?body=1" for ::1 at 2016-10-05 17:22:32 -0400


Started GET "/assets/users.self-877aef30ae1b040ab8a3aba4e3e309a11d7f2612f44dde450b5c157aa5f95c05.js?body=1" for ::1 at 2016-10-05 17:22:32 -0400


Started GET "/assets/welcome.self-877aef30ae1b040ab8a3aba4e3e309a11d7f2612f44dde450b5c157aa5f95c05.js?body=1" for ::1 at 2016-10-05 17:22:32 -0400


Started GET "/assets/application.self-3b8dabdc891efe46b9a144b400ad69e37d7e5876bdc39dee783419a69d7ca819.js?body=1" for ::1 at 2016-10-05 17:22:32 -0400
